%このファイルは日本語文字を含みます.
\BOOKMARK [0][-]{chapter*.1}{\376\377\060\157\060\130\060\201\060\153}{}% 1
\BOOKMARK [0][-]{chapter.1}{\376\377\173\054\0001\172\340\000\040\060\274\060\355\060\113\060\211\131\313\060\201\060\213\000\050\225\213\166\172\164\260\130\203\151\313\173\311\000\051}{}% 2
\BOOKMARK [1][-]{section.1.1}{\376\377\0001\000.\0001\000\040\060\000\000N\000o\000d\000e\000.\000j\000s}{chapter.1}% 3
\BOOKMARK [2][-]{subsection.1.1.1}{\376\377\0001\000.\0001\000.\0001\000\040\000N\000o\000d\000e\000.\000j\000s\060\153\060\144\060\104\060\146}{section.1.1}% 4
\BOOKMARK [2][-]{subsection.1.1.2}{\376\377\0001\000.\0001\000.\0002\000\040\000N\000o\000d\000e\000.\000j\000s\060\156\060\244\060\363\060\271\060\310\060\374\060\353\060\156\122\115\060\153}{section.1.1}% 5
\BOOKMARK [2][-]{subsection.1.1.3}{\376\377\0001\000.\0001\000.\0003\000\040\000n\000v\000m}{section.1.1}% 6
\BOOKMARK [1][-]{section.1.2}{\376\377\0001\000.\0002\000\040\000y\000a\000r\000n}{chapter.1}% 7
\BOOKMARK [2][-]{subsection.1.2.1}{\376\377\0001\000.\0002\000.\0001\000\040\000y\000a\000r\000n\060\150\060\157\377\037}{section.1.2}% 8
\BOOKMARK [1][-]{section.1.3}{\376\377\0001\000.\0003\000\040\000M\000i\000c\000r\000o\000s\000o\000f\000t\000\040\000V\000i\000s\000u\000a\000l\000\040\000S\000t\000u\000d\000i\000o\000\040\000C\000o\000d\000e\000\040\000+\000\040\142\341\137\065\152\137\200\375}{chapter.1}% 9
\BOOKMARK [2][-]{subsection.1.3.1}{\376\377\0001\000.\0003\000.\0001\000\040\000V\000S\000C\000o\000d\000e\060\156\060\244\060\363\060\271\060\310\060\374\060\353}{section.1.3}% 10
\BOOKMARK [2][-]{subsection.1.3.2}{\376\377\0001\000.\0003\000.\0002\000\040\000V\000S\000C\000o\000d\000e\060\156\142\341\137\065\152\137\200\375}{section.1.3}% 11
\BOOKMARK [2][-]{subsection.1.3.3}{\376\377\0001\000.\0003\000.\0003\000\040\000E\000s\000l\000i\000n\000t}{section.1.3}% 12
\BOOKMARK [2][-]{subsection.1.3.4}{\376\377\0001\000.\0003\000.\0004\000\040\000P\000r\000e\000t\000t\000i\000e\000r}{section.1.3}% 13
\BOOKMARK [1][-]{section.1.4}{\376\377\0001\000.\0004\000\040\000G\000o\000o\000g\000l\000e\000\040\000C\000h\000r\000o\000m\000e\000\040\000+\000\040\142\341\137\065\152\137\200\375}{chapter.1}% 14
\BOOKMARK [2][-]{subsection.1.4.1}{\376\377\0001\000.\0004\000.\0001\000\040\000G\000o\000o\000g\000l\000e\000\040\000C\000h\000r\000o\000m\000e\060\156\060\244\060\363\060\271\060\310\060\374\060\353}{section.1.4}% 15
\BOOKMARK [1][-]{section.1.5}{\376\377\0001\000.\0005\000\040\173\054\0001\172\340\060\156\060\176\060\150\060\201}{chapter.1}% 16
\BOOKMARK [0][-]{chapter.2}{\376\377\173\054\0002\172\340\000\040\060\271\060\277\060\374\060\310\060\327\060\355\060\270\060\247\060\257\060\310\060\156\117\134\142\020}{}% 17
\BOOKMARK [1][-]{section.2.1}{\376\377\0002\000.\0001\000\040\000c\000r\000e\000a\000t\000e\000-\000r\000e\000a\000c\000t\000-\000a\000p\000p\060\263\060\336\060\363\060\311}{chapter.2}% 18
\BOOKMARK [1][-]{section.2.2}{\376\377\0002\000.\0002\000\040\060\242\060\327\060\352\060\261\060\374\060\267\060\347\060\363\060\222\133\237\210\114}{chapter.2}% 19
\BOOKMARK [1][-]{section.2.3}{\376\377\0002\000.\0003\000\040\000e\000s\000l\000i\000n\000t\060\001\000p\000r\000e\000t\000t\000i\000e\000r\060\156\060\244\060\363\060\271\060\310\060\374\060\353\060\150\212\055\133\232}{chapter.2}% 20
\BOOKMARK [1][-]{section.2.4}{\376\377\0002\000.\0004\000\040\000e\000s\000l\000i\000n\000t\060\001\000p\000r\000e\000t\000t\000i\000e\000r\060\156\143\007\144\130\060\222\117\356\153\143}{chapter.2}% 21
\BOOKMARK [1][-]{section.2.5}{\376\377\0002\000.\0005\000\040\173\054\0002\172\340\060\156\060\176\060\150\060\201}{chapter.2}% 22
\BOOKMARK [0][-]{chapter.3}{\376\377\173\054\0003\172\340\000\040\000T\000o\000d\000o\060\352\060\271\060\310\060\156\117\134\142\020\000\050\000R\000e\000a\000c\000t\060\156\060\177\000\051}{}% 23
\BOOKMARK [1][-]{section.3.1}{\376\377\0003\000.\0001\000\040\000R\000e\000a\000c\000t\060\150\060\157\377\037}{chapter.3}% 24
\BOOKMARK [1][-]{section.3.2}{\376\377\0003\000.\0002\000\040\210\150\171\072\060\131\060\213\060\307\060\374\060\277\060\156\127\213\060\222\154\172\060\201\060\213}{chapter.3}% 25
\BOOKMARK [1][-]{section.3.3}{\376\377\0003\000.\0003\000\040\060\307\060\374\060\277\210\150\171\072\165\073\227\142}{chapter.3}% 26
\BOOKMARK [1][-]{section.3.4}{\376\377\0003\000.\0004\000\040\000R\000e\000a\000c\000t\000\040\000h\000o\000o\000k\000s\060\222\117\177\165\050\060\127\060\146\060\001\060\307\060\374\060\277\060\156\217\375\122\240\060\373\175\350\226\306\060\373\122\112\226\144}{chapter.3}% 27
