This is e-upTeX, Version 3.141592653-p3.9.0-u1.27-210218-2.6 (utf8.uptex) (TeX Live 2021) (preloaded format=uplatex 2021.4.6)  18 NOV 2021 00:38
entering extended mode
 restricted \write18 enabled.
 file:line:error style messages enabled.
 %&-line parsing enabled.
**book.tex
(./book.tex
pLaTeX2e <2020-10-01u04>+2 (based on LaTeX2e <2020-10-01> patch level 4)
L3 programming layer <2021-02-18> (/usr/local/texlive/2021/texmf-dist/tex/plate
x/jsclasses/jsbook.cls
Document Class: jsbook 2020/10/09 jsclasses (okumura, texjporg)
\jsc@mpt=\dimen154
\jsc@mmm=\dimen155
\jsc@smallskipamount=\skip47
LaTeX Info: Redefining \textmc on input line 502.
LaTeX Info: Redefining \textgt on input line 504.
\symmincho=\mathgroup4
LaTeX Font Info:    Overwriting symbol font `mincho' in version `bold'
(Font)                  JY2/mc/m/n --> JY2/gt/m/n on input line 566.
LaTeX Font Info:    Font shape `JT2/mc/m/n' will be
(Font)              scaled to size 9.24683pt on input line 760.
LaTeX Font Info:    Font shape `JY2/mc/m/n' will be
(Font)              scaled to size 9.24683pt on input line 760.
\fullwidth=\dimen156
LaTeX Font Info:    Font shape `JT2/mc/m/n' will be
(Font)              scaled to size 7.39746pt on input line 921.
LaTeX Font Info:    Font shape `JY2/mc/m/n' will be
(Font)              scaled to size 7.39746pt on input line 921.
\c@part=\count178
\c@chapter=\count179
\c@section=\count180
\c@subsection=\count181
\c@subsubsection=\count182
\c@paragraph=\count183
\c@subparagraph=\count184
\c@figure=\count185
\c@table=\count186
\abovecaptionskip=\skip48
\belowcaptionskip=\skip49
\jsc@tocl@width=\dimen157
\@lnumwidth=\dimen158
\bibindent=\dimen159
(/usr/local/texlive/2021/texmf-dist/tex/platex/jsclasses/jslogo.sty
Package: jslogo 2019/07/25 okumura, texjporg
LaTeX Info: Redefining \TeX on input line 82.
LaTeX Info: Redefining \LaTeX on input line 135.
LaTeX Info: Redefining \LaTeXe on input line 188.
)
\heisei=\count187
)
\starter@caption@needspace=\skip50
\starter@program@widen=\skip51
\starter@terminal@widen=\skip52
(./mytextsize.sty) (/usr/local/texlive/2021/texmf-dist/tex/platex/japanese-otf-
uptex/otf.sty
Package: otf 2019/04/01 v1.7b8 psitau, u0.26 ttk
(/usr/local/texlive/2021/texmf-dist/tex/latex/graphics/keyval.sty
Package: keyval 2014/10/28 v1.15 key=value parser (DPC)
\KV@toks@=\toks16
)
LaTeX Font Info:    Redeclaring symbol font `mincho' on input line 322.
LaTeX Font Info:    Overwriting symbol font `mincho' in version `normal'
(Font)                  JY2/mc/m/n --> JY2/hmc/m/n on input line 322.
LaTeX Font Info:    Overwriting symbol font `mincho' in version `bold'
(Font)                  JY2/gt/m/n --> JY2/hmc/m/n on input line 322.
LaTeX Font Info:    Overwriting symbol font `mincho' in version `bold'
(Font)                  JY2/hmc/m/n --> JY2/hmc/bx/n on input line 324.
LaTeX Font Info:    Redeclaring math alphabet \mathgt on input line 325.
LaTeX Font Info:    Overwriting math alphabet `\mathgt' in version `normal'
(Font)                  JY2/gt/m/n --> JY2/hgt/m/n on input line 325.
LaTeX Font Info:    Overwriting math alphabet `\mathgt' in version `bold'
(Font)                  JY2/gt/m/n --> JY2/hgt/m/n on input line 325.
LaTeX Font Info:    Overwriting math alphabet `\mathgt' in version `bold'
(Font)                  JY2/hgt/m/n --> JY2/hgt/bx/n on input line 326.
(/usr/local/texlive/2021/texmf-dist/tex/platex/japanese-otf/ajmacros.sty
Package: ajmacros 2019/04/01 21:00 iNOUE Koich! <inoue@ma.ns.musashi-tech.ac.jp
>
\@tempcntc=\count188
\@tempcntd=\count189
\@tempcnte=\count190
\@tempcntf=\count191
)) (/usr/local/texlive/2021/texmf-dist/tex/latex/caption/caption.sty
Package: caption 2020/10/26 v3.5g Customizing captions (AR)
(/usr/local/texlive/2021/texmf-dist/tex/latex/caption/caption3.sty
Package: caption3 2020/10/21 v2.2e caption3 kernel (AR)
\captionmargin=\dimen160
\captionmargin@=\dimen161
\captionwidth=\dimen162
\caption@tempdima=\dimen163
\caption@indent=\dimen164
\caption@parindent=\dimen165
\caption@hangindent=\dimen166
Package caption Info: Unknown document class (or package),
(caption)             standard defaults will be used.
Package caption Info: \@makecaption = \long macro:#1#2->{\small \advance \lefts
kip .0628\linewidth \advance \rightskip .0628\linewidth \vskip \abovecaptionski
p \sbox \@tempboxa {#1\hskip 1zw\relax #2}\ifdim \wd \@tempboxa <\hsize \center
ing \fi #1{\hskip 1zw\relax }#2\par \vskip \belowcaptionskip } on input line 11
39.
)

Package caption Warning: Unknown document class (or package),
(caption)                standard defaults will be used.
See the caption package documentation for explanation.

\c@caption@flags=\count192
\c@continuedfloat=\count193
) (/usr/local/texlive/2021/texmf-dist/tex/latex/bigfoot/suffix.sty
Package: suffix 2006/07/15 1.5a Variant command support
) (/usr/local/texlive/2021/texmf-dist/tex/latex/base/fontenc.sty
Package: fontenc 2020/08/10 v2.0s Standard LaTeX package
) (/usr/local/texlive/2021/texmf-dist/tex/latex/base/textcomp.sty
Package: textcomp 2020/02/02 v2.0n Standard LaTeX package
) (/usr/local/texlive/2021/texmf-dist/tex/latex/graphics/graphicx.sty
Package: graphicx 2020/09/09 v1.2b Enhanced LaTeX Graphics (DPC,SPQR)
(/usr/local/texlive/2021/texmf-dist/tex/latex/graphics/graphics.sty
Package: graphics 2020/08/30 v1.4c Standard LaTeX Graphics (DPC,SPQR)
(/usr/local/texlive/2021/texmf-dist/tex/latex/graphics/trig.sty
Package: trig 2016/01/03 v1.10 sin cos tan (DPC)
) (/usr/local/texlive/2021/texmf-dist/tex/latex/graphics-cfg/graphics.cfg
File: graphics.cfg 2016/06/04 v1.11 sample graphics configuration
)
Package graphics Info: Driver file: dvipdfmx.def on input line 105.
(/usr/local/texlive/2021/texmf-dist/tex/latex/graphics-def/dvipdfmx.def
File: dvipdfmx.def 2021/03/18 v5.0j Graphics/color driver for dvipdfmx
))
\Gin@req@height=\dimen167
\Gin@req@width=\dimen168
) (/usr/local/texlive/2021/texmf-dist/tex/latex/xcolor/xcolor.sty
Package: xcolor 2016/05/11 v2.12 LaTeX color extensions (UK)
(/usr/local/texlive/2021/texmf-dist/tex/latex/graphics-cfg/color.cfg
File: color.cfg 2016/01/02 v1.6 sample color configuration
)
Package xcolor Info: Driver file: dvipdfmx.def on input line 225.
(/usr/local/texlive/2021/texmf-dist/tex/latex/colortbl/colortbl.sty
Package: colortbl 2020/01/04 v1.0e Color table columns (DPC)
(/usr/local/texlive/2021/texmf-dist/tex/latex/tools/array.sty
Package: array 2020/10/01 v2.5c Tabular extension package (FMi)
\col@sep=\dimen169
\ar@mcellbox=\box64
\extrarowheight=\dimen170
\NC@list=\toks17
\extratabsurround=\skip53
\backup@length=\skip54
\ar@cellbox=\box65
)
\everycr=\toks18
\minrowclearance=\skip55
)
\rownum=\count194
Package xcolor Info: Model `cmy' substituted by `cmy0' on input line 1348.
Package xcolor Info: Model `RGB' extended on input line 1364.
Package xcolor Info: Model `HTML' substituted by `rgb' on input line 1366.
Package xcolor Info: Model `Hsb' substituted by `hsb' on input line 1367.
Package xcolor Info: Model `tHsb' substituted by `hsb' on input line 1368.
Package xcolor Info: Model `HSB' substituted by `hsb' on input line 1369.
Package xcolor Info: Model `Gray' substituted by `gray' on input line 1370.
Package xcolor Info: Model `wave' substituted by `hsb' on input line 1371.
) (/usr/local/texlive/2021/texmf-dist/tex/latex/framed/framed.sty
Package: framed 2011/10/22 v 0.96: framed or shaded text with page breaks
\OuterFrameSep=\skip56
\fb@frw=\dimen171
\fb@frh=\dimen172
\FrameRule=\dimen173
\FrameSep=\dimen174
) (/usr/local/texlive/2021/texmf-dist/tex/latex/wrapfig/wrapfig.sty
\wrapoverhang=\dimen175
\WF@size=\dimen176
\c@WF@wrappedlines=\count195
\WF@box=\box66
\WF@everypar=\toks19
Package: wrapfig 2003/01/31  v 3.6
) (/usr/local/texlive/2021/texmf-dist/tex/latex/base/inputenc.sty
Package: inputenc 2020/08/01 v1.3d Input encoding file
\inpenc@prehook=\toks20
\inpenc@posthook=\toks21
) (/usr/local/texlive/2021/texmf-dist/tex/latex/ascmac/ascmac.sty
Package: ascmac 2020/01/15 v2.1 ascmac wrapper (community edition) 
(/usr/local/texlive/2021/texmf-dist/tex/latex/ascmac/tascmac.sty
Package: tascmac 2020/01/15 v2.1 ascmac package (community edition) 
\@savetbaselineshift=\dimen177
\@saveybaselineshift=\dimen178
\scb@x=\box67
\scscb@x=\box68
\@bw=\dimen179
\@nbox=\box69
\@nbody=\box70
\@scw=\dimen180
\ascmac@hoboxa=\box71
\ascmac@hoboxb=\box72
\@itemh=\dimen181
\@iboxpos=\toks22
\@iboxstr=\box73
\@bwsp=\box74
\@@bwsp=\box75
\@bcal=\count196
\shaderule=\dimen182
)) (/usr/local/texlive/2021/texmf-dist/tex/latex/float/float.sty
Package: float 2001/11/08 v1.3d Float enhancements (AL)
\c@float@type=\count197
\float@exts=\toks23
\float@box=\box76
\@float@everytoks=\toks24
\@floatcapt=\box77
) (/usr/local/texlive/2021/texmf-dist/tex/latex/base/alltt.sty
Package: alltt 1997/06/16 v2.0g defines alltt environment
) (/usr/local/texlive/2021/texmf-dist/tex/latex/amsmath/amsmath.sty
Package: amsmath 2020/09/23 v2.17i AMS math features
\@mathmargin=\skip57
For additional information on amsmath, use the `?' option.
(/usr/local/texlive/2021/texmf-dist/tex/latex/amsmath/amstext.sty
Package: amstext 2000/06/29 v2.01 AMS text
(/usr/local/texlive/2021/texmf-dist/tex/latex/amsmath/amsgen.sty
File: amsgen.sty 1999/11/30 v2.0 generic functions
\@emptytoks=\toks25
\ex@=\dimen183
)) (/usr/local/texlive/2021/texmf-dist/tex/latex/amsmath/amsbsy.sty
Package: amsbsy 1999/11/29 v1.2d Bold Symbols
\pmbraise@=\dimen184
) (/usr/local/texlive/2021/texmf-dist/tex/latex/amsmath/amsopn.sty
Package: amsopn 2016/03/08 v2.02 operator names
)
\inf@bad=\count198
LaTeX Info: Redefining \frac on input line 234.
\uproot@=\count199
\leftroot@=\count266
LaTeX Info: Redefining \overline on input line 399.
\classnum@=\count267
\DOTSCASE@=\count268
LaTeX Info: Redefining \ldots on input line 496.
LaTeX Info: Redefining \dots on input line 499.
LaTeX Info: Redefining \cdots on input line 620.
\Mathstrutbox@=\box78
\strutbox@=\box79
\big@size=\dimen185
LaTeX Font Info:    Redeclaring font encoding OML on input line 743.
LaTeX Font Info:    Redeclaring font encoding OMS on input line 744.
\macc@depth=\count269
\c@MaxMatrixCols=\count270
\dotsspace@=\muskip16
\c@parentequation=\count271
\dspbrk@lvl=\count272
\tag@help=\toks26
\row@=\count273
\column@=\count274
\maxfields@=\count275
\andhelp@=\toks27
\eqnshift@=\dimen186
\alignsep@=\dimen187
\tagshift@=\dimen188
\tagwidth@=\dimen189
\totwidth@=\dimen190
\lineht@=\dimen191
\@envbody=\toks28
\multlinegap=\skip58
\multlinetaggap=\skip59
\mathdisplay@stack=\toks29
LaTeX Info: Redefining \[ on input line 2923.
LaTeX Info: Redefining \] on input line 2924.
) (/usr/local/texlive/2021/texmf-dist/tex/latex/pdfpages/pdfpages.sty
Package: pdfpages 2021/03/06 v0.5t Insert pages of external PDF documents (AM)
(/usr/local/texlive/2021/texmf-dist/tex/latex/base/ifthen.sty
Package: ifthen 2014/09/29 v1.1c Standard LaTeX ifthen package (DPC)
) (/usr/local/texlive/2021/texmf-dist/tex/latex/tools/calc.sty
Package: calc 2017/05/25 v4.3 Infix arithmetic (KKT,FJ)
\calc@Acount=\count276
\calc@Bcount=\count277
\calc@Adimen=\dimen192
\calc@Bdimen=\dimen193
\calc@Askip=\skip60
\calc@Bskip=\skip61
LaTeX Info: Redefining \setlength on input line 80.
LaTeX Info: Redefining \addtolength on input line 81.
\calc@Ccount=\count278
\calc@Cskip=\skip62
) (/usr/local/texlive/2021/texmf-dist/tex/latex/eso-pic/eso-pic.sty
Package: eso-pic 2020/10/14 v3.0a eso-pic (RN)
\ESO@tempdima=\dimen194
\ESO@tempdimb=\dimen195
)
\AM@pagewidth=\dimen196
\AM@pageheight=\dimen197
\AM@fboxrule=\dimen198
(/usr/local/texlive/2021/texmf-dist/tex/latex/pdfpages/ppdvipdfmx.def
File: ppdvipdfmx.def 2021/03/06 v0.5t Pdfpages driver for dvipdfmx (AM)
)
\pdfpages@includegraphics@status=\count279
\AM@pagebox=\box80
\AM@global@opts=\toks30
\AM@pagecnt=\count280
\AM@toc@title=\toks31
\c@AM@survey=\count281
\AM@templatesizebox=\box81
) (./jumoline.sty
Package: jumoline 2001/05/31 v1.2 
\UnderlineDepth=\dimen199
\MidlineHeight=\dimen256
\OverlineHeight=\dimen257
\UMOlineThickness=\dimen258
\UMO@height=\dimen259
\UMO@depth=\dimen260
\UMO@dqspace=\dimen261
\UMO@tempdim=\dimen262
\UMO@prejfmglue=\skip63
\UMO@postjfmglue=\skip64
\UMO@mode=\count282
\UMO@spacefactor=\count283
\UMO@firstxspcode=\count284
\UMO@lastxspcode=\count285
\UMO@inhibitxspcode=\count286
\UMO@prebreakpenalty=\count287
\UMO@postbreakpenalty=\count288
\UMO@kpostbreakpenalty=\count289
) (/usr/local/texlive/2021/texmf-dist/tex/latex/hyperref/hyperref.sty
Package: hyperref 2021-02-27 v7.00k Hypertext links for LaTeX
(/usr/local/texlive/2021/texmf-dist/tex/generic/ltxcmds/ltxcmds.sty
Package: ltxcmds 2020-05-10 v1.25 LaTeX kernel commands for general use (HO)
) (/usr/local/texlive/2021/texmf-dist/tex/generic/iftex/iftex.sty
Package: iftex 2020/03/06 v1.0d TeX engine tests
) (/usr/local/texlive/2021/texmf-dist/tex/generic/pdftexcmds/pdftexcmds.sty
Package: pdftexcmds 2020-06-27 v0.33 Utility functions of pdfTeX for LuaTeX (HO
)
(/usr/local/texlive/2021/texmf-dist/tex/generic/infwarerr/infwarerr.sty
Package: infwarerr 2019/12/03 v1.5 Providing info/warning/error messages (HO)
)
Package pdftexcmds Info: \pdf@primitive is available.
Package pdftexcmds Info: \pdf@ifprimitive is available.
Package pdftexcmds Info: \pdfdraftmode not found.
) (/usr/local/texlive/2021/texmf-dist/tex/generic/kvsetkeys/kvsetkeys.sty
Package: kvsetkeys 2019/12/15 v1.18 Key value parser (HO)
) (/usr/local/texlive/2021/texmf-dist/tex/generic/kvdefinekeys/kvdefinekeys.sty
Package: kvdefinekeys 2019-12-19 v1.6 Define keys (HO)
) (/usr/local/texlive/2021/texmf-dist/tex/generic/pdfescape/pdfescape.sty
Package: pdfescape 2019/12/09 v1.15 Implements pdfTeX's escape features (HO)
) (/usr/local/texlive/2021/texmf-dist/tex/latex/hycolor/hycolor.sty
Package: hycolor 2020-01-27 v1.10 Color options for hyperref/bookmark (HO)
) (/usr/local/texlive/2021/texmf-dist/tex/latex/letltxmacro/letltxmacro.sty
Package: letltxmacro 2019/12/03 v1.6 Let assignment for LaTeX macros (HO)
) (/usr/local/texlive/2021/texmf-dist/tex/latex/auxhook/auxhook.sty
Package: auxhook 2019-12-17 v1.6 Hooks for auxiliary files (HO)
) (/usr/local/texlive/2021/texmf-dist/tex/latex/kvoptions/kvoptions.sty
Package: kvoptions 2020-10-07 v3.14 Key value format for package options (HO)
)
\@linkdim=\dimen263
\Hy@linkcounter=\count290
\Hy@pagecounter=\count291
(/usr/local/texlive/2021/texmf-dist/tex/latex/hyperref/pd1enc.def
File: pd1enc.def 2021-02-27 v7.00k Hyperref: PDFDocEncoding definition (HO)
Now handling font encoding PD1 ...
... no UTF-8 mapping file for font encoding PD1
)
(/usr/local/texlive/2021/texmf-dist/tex/latex/hyperref/hyperref-langpatches.def
File: hyperref-langpatches.def 2021-02-27 v7.00k Hyperref: patches for babel la
nguages
) (/usr/local/texlive/2021/texmf-dist/tex/generic/intcalc/intcalc.sty
Package: intcalc 2019/12/15 v1.3 Expandable calculations with integers (HO)
) (/usr/local/texlive/2021/texmf-dist/tex/generic/etexcmds/etexcmds.sty
Package: etexcmds 2019/12/15 v1.7 Avoid name clashes with e-TeX commands (HO)
)
\Hy@SavedSpaceFactor=\count292
(/usr/local/texlive/2021/texmf-dist/tex/latex/hyperref/puenc.def
File: puenc.def 2021-02-27 v7.00k Hyperref: PDF Unicode definition (HO)
Now handling font encoding PU ...
... no UTF-8 mapping file for font encoding PU
)
Package hyperref Info: Option `bookmarks' set `true' on input line 4073.
Package hyperref Info: Option `bookmarksnumbered' set `true' on input line 4073
.
Package hyperref Info: Option `colorlinks' set `true' on input line 4073.
Package hyperref Info: Hyper figures OFF on input line 4192.
Package hyperref Info: Link nesting OFF on input line 4197.
Package hyperref Info: Hyper index ON on input line 4200.
Package hyperref Info: Plain pages OFF on input line 4207.
Package hyperref Info: Backreferencing OFF on input line 4212.
Package hyperref Info: Implicit mode ON; LaTeX internals redefined.
Package hyperref Info: Bookmarks ON on input line 4445.
\c@Hy@tempcnt=\count293
(/usr/local/texlive/2021/texmf-dist/tex/latex/url/url.sty
\Urlmuskip=\muskip17
Package: url 2013/09/16  ver 3.4  Verb mode for urls, etc.
)
LaTeX Info: Redefining \url on input line 4804.
\XeTeXLinkMargin=\dimen264
(/usr/local/texlive/2021/texmf-dist/tex/generic/bitset/bitset.sty
Package: bitset 2019/12/09 v1.3 Handle bit-vector datatype (HO)
(/usr/local/texlive/2021/texmf-dist/tex/generic/bigintcalc/bigintcalc.sty
Package: bigintcalc 2019/12/15 v1.5 Expandable calculations on big integers (HO
)
))
\Fld@menulength=\count294
\Field@Width=\dimen265
\Fld@charsize=\dimen266
Package hyperref Info: Hyper figures OFF on input line 6075.
Package hyperref Info: Link nesting OFF on input line 6080.
Package hyperref Info: Hyper index ON on input line 6083.
Package hyperref Info: backreferencing OFF on input line 6090.
Package hyperref Info: Link coloring ON on input line 6093.
Package hyperref Info: Link coloring with OCG OFF on input line 6100.
Package hyperref Info: PDF/A mode OFF on input line 6105.
LaTeX Info: Redefining \ref on input line 6145.
LaTeX Info: Redefining \pageref on input line 6149.
(/usr/local/texlive/2021/texmf-dist/tex/latex/base/atbegshi-ltx.sty
Package: atbegshi-ltx 2020/08/17 v1.0a Emulation of the original atbegshi packa
ge
with kernel methods
)
\Hy@abspage=\count295
\c@Item=\count296
\c@Hfootnote=\count297
)
Package hyperref Info: Driver: hdvipdfm.
(/usr/local/texlive/2021/texmf-dist/tex/latex/hyperref/hdvipdfm.def
File: hdvipdfm.def 2021-02-27 v7.00k Hyperref driver for dvipdfm
\pdfm@box=\box82
\c@Hy@AnnotLevel=\count298
\HyField@AnnotCount=\count299
\Fld@listcount=\count300
\c@bookmark@seq@number=\count301

(/usr/local/texlive/2021/texmf-dist/tex/latex/rerunfilecheck/rerunfilecheck.sty
Package: rerunfilecheck 2019/12/05 v1.9 Rerun checks for auxiliary files (HO)
(/usr/local/texlive/2021/texmf-dist/tex/latex/base/atveryend-ltx.sty
Package: atveryend-ltx 2020/08/19 v1.0a Emulation of the original atvery packag
e
with kernel methods
)
(/usr/local/texlive/2021/texmf-dist/tex/generic/uniquecounter/uniquecounter.sty
Package: uniquecounter 2019/12/15 v1.4 Provide unlimited unique counter (HO)
)
Package uniquecounter Info: New unique counter `rerunfilecheck' on input line 2
86.
)
\Hy@SectionHShift=\skip65
) (/usr/local/texlive/2021/texmf-dist/tex/platex/pxjahyper/pxjahyper.sty
Package: pxjahyper 2021/02/26 v0.7b
(/usr/local/texlive/2021/texmf-dist/tex/latex/etoolbox/etoolbox.sty
Package: etoolbox 2020/10/05 v2.5k e-TeX tools for LaTeX (JAW)
\etb@tempcnta=\count302
) (/usr/local/texlive/2021/texmf-dist/tex/platex/pxjahyper/pxjahyper-enc.sty
Package: pxjahyper-enc 2021/02/26 v0.7b
) (/usr/local/texlive/2021/texmf-dist/tex/latex/bxjatoucs/bxjatoucs.sty
Package: bxjatoucs 2019/10/20 v0.2
)
Package pxjahyper Info: The setup for hyperref 'unicode' is applied.
) (./reviewmacro.sty (/usr/local/texlive/2021/texmf-dist/tex/latex/fancyhdr/fan
cyhdr.sty
Package: fancyhdr 2021/01/28 v4.0.1 Extensive control of page headers and foote
rs
\f@nch@headwidth=\skip66
\f@nch@O@elh=\skip67
\f@nch@O@erh=\skip68
\f@nch@O@olh=\skip69
\f@nch@O@orh=\skip70
\f@nch@O@elf=\skip71
\f@nch@O@erf=\skip72
\f@nch@O@olf=\skip73
\f@nch@O@orf=\skip74
)) (./starter.sty (./starter-color.sty) (./starter-font.sty (/usr/local/texlive
/2021/texmf-dist/tex/latex/inconsolata/inconsolata.sty
Package: inconsolata 2019/05/17 v1.12
`inconsolata-zi4' v1.12, 2019/05/17 Text macros for Inconsolata (msharpe) (/usr
/local/texlive/2021/texmf-dist/tex/latex/xkeyval/xkeyval.sty
Package: xkeyval 2020/11/20 v2.8 package option processing (HA)
(/usr/local/texlive/2021/texmf-dist/tex/generic/xkeyval/xkeyval.tex (/usr/local
/texlive/2021/texmf-dist/tex/generic/xkeyval/xkvutils.tex
\XKV@toks=\toks32
\XKV@tempa@toks=\toks33
)
\XKV@depth=\count303
File: xkeyval.tex 2014/12/03 v2.7a key=value parser (HA)
))
\zifour@ocount=\count304
)) (./starter-heading.sty) (./starter-codeblock.sty
\starter@codeblock@sidemargin=\skip75
(/usr/local/texlive/2021/texmf-dist/tex/latex/seqsplit/seqsplit.sty
Package: seqsplit 2006/08/07 v0.1 Splitting long sequences (DNA, RNA, proteins,
 etc.) 
)
\starter@fold@indentwidth=\skip76
(/usr/local/texlive/2021/texmf-dist/tex/latex/boisik/lbmenc.def
File: lbmenc.def 2009/08/21 v0.5 Boisik encoding for second math symbol font
Now handling font encoding LBM ...
... no UTF-8 mapping file for font encoding LBM
)
\symbskarr=\mathgroup5
) (./starter-note.sty
\starter@note@sidemargin=\skip77
) (./starter-toc.sty)
Package hyperref Info: Option `colorlinks' set `true' on input line 66.
(/usr/local/texlive/2021/texmf-dist/tex/generic/ulem/ulem.sty
\UL@box=\box83
\UL@hyphenbox=\box84
\UL@skip=\skip78
\UL@hook=\toks34
\UL@height=\dimen267
\UL@pe=\count305
\UL@pixel=\dimen268
\ULC@box=\box85
Package: ulem 2019/11/18
\ULdepth=\dimen269
) (/usr/local/texlive/2021/texmf-dist/tex/platex/jsclasses/okumacro.sty
Package: okumacro 2019/07/25 okumura, texjporg
LaTeX Info: Redefining \yen on input line 120.
\EXAMPLEWIDTH=\dimen270
) (/usr/local/texlive/2021/texmf-dist/tex/latex/amsfonts/amssymb.sty
Package: amssymb 2013/01/14 v3.01 AMS font symbols
(/usr/local/texlive/2021/texmf-dist/tex/latex/amsfonts/amsfonts.sty
Package: amsfonts 2013/01/14 v3.01 Basic AMSFonts support
\symAMSa=\mathgroup6
\symAMSb=\mathgroup7
LaTeX Font Info:    Redeclaring math symbol \hbar on input line 98.
LaTeX Font Info:    Overwriting math alphabet `\mathfrak' in version `bold'
(Font)                  U/euf/m/n --> U/euf/b/n on input line 106.
)) (/usr/local/texlive/2021/texmf-dist/tex/latex/minitoc/minitoc.sty
Package: minitoc 2018/07/12 v62 Package minitoc
(/usr/local/texlive/2021/texmf-dist/tex/latex/minitoc/mtcmess.sty
Package: mtcmess 2006/03/14
)
Package minitoc Info: I0001
(minitoc)             *** minitoc package, version 62 ***.
\tf@mtc=\write3
\mtcindent=\skip79
\mtcskipamount=\skip80
Package minitoc Info: I0005
(minitoc)             compatible with hyperref.
Package minitoc Info: I0023
(minitoc)             part level macros available.
Package minitoc Info: I0003
(minitoc)             chapter level macros available.
\mtc@toks=\toks35
\mtc@strutbox=\box86
\mtc@hstrutbox=\box87
Package minitoc Info: I0002
(minitoc)             Autoconfiguration of extensions.
\openout3 = `book.mtc0'.

\openout3 = `book.mtc'.

(./book.mtc0)
Package minitoc Info: I0012
(minitoc)             Long extensions (Unix-like) will be used.
Package minitoc Info: I0031
(minitoc)             ==> this version is configured for UNIX-like 
(minitoc)                 (long extensions) file names.
\openout3 = `book.mtc'.

\openout3 = `book.mtc0'.

\c@mtc=\count306
\c@minitocdepth=\count307
\c@ptc=\count308
\c@parttocdepth=\count309
\ptcindent=\skip81
Package minitoc Info: I0010
(minitoc)             The english language is selected.
(minitoc)              on input line 4910.
(/usr/local/texlive/2021/texmf-dist/tex/latex/minitoc/english.mld
File: english.mld 2006/01/13
) (/usr/local/texlive/2021/texmf-dist/tex/latex/minitoc/english.mld
File: english.mld 2006/01/13
)
Package minitoc Info: I0010
(minitoc)             The japanese language is selected.
(minitoc)              on input line 4911.
(/usr/local/texlive/2021/texmf-dist/tex/latex/minitoc/japanese.mld
File: japanese.mld 2006/01/13
Package minitoc Info: I0011
(minitoc)             japanese minitoc language object selected. 
(minitoc)              on input line 90.
(/usr/local/texlive/2021/texmf-dist/tex/latex/minitoc/japanese.mlo
File: japanese.mlo 2005/01/28
)))
Package minitoc Info: I0008
(minitoc)             Horizontal rules are inhibited 
(minitoc)             for the parttocs on input line 304.
Package minitoc Info: I0008
(minitoc)             Horizontal rules are inhibited 
(minitoc)             for the partlofs on input line 304.
Package minitoc Info: I0008
(minitoc)             Horizontal rules are inhibited 
(minitoc)             for the partlots on input line 304.
Package minitoc Info: I0008
(minitoc)             Horizontal rules are inhibited 
(minitoc)             for the minitocs on input line 304.
Package minitoc Info: I0008
(minitoc)             Horizontal rules are inhibited 
(minitoc)             for the minilofs on input line 304.
Package minitoc Info: I0008
(minitoc)             Horizontal rules are inhibited 
(minitoc)             for the minilots on input line 304.
Package minitoc Info: I0008
(minitoc)             Horizontal rules are inhibited 
(minitoc)             for the secttocs on input line 304.
Package minitoc Info: I0008
(minitoc)             Horizontal rules are inhibited 
(minitoc)             for the sectlofs on input line 304.
Package minitoc Info: I0008
(minitoc)             Horizontal rules are inhibited 
(minitoc)             for the sectlots on input line 304.
Package minitoc Info: I0017
(minitoc)             \mtcsettitle redefines the macro 
(minitoc)             "mtctitle" as 
(minitoc)             "【この章の内容】" on input line 305.
Package minitoc Info: I0018
(minitoc)             \mtcsettitlefont redefines the macro 
(minitoc)             "mtifont" as 
(minitoc)             "\gtfamily \sffamily \hspace {2zw} " on input line 312.
\starter@quote@sidemargin=\skip82
\tmp@width=\skip83
\tmp@height=\skip84
\tmp@depth=\skip85
) (./mystyle.sty) (./mytitlepage.sty (/usr/local/texlive/2021/texmf-dist/tex/la
tex/tools/afterpage.sty
Package: afterpage 2014/10/28 v1.08 After-Page Package (DPC)
\AP@output=\toks36
\AP@partial=\box88
\AP@footins=\box89
) (/usr/local/texlive/2021/texmf-dist/tex/latex/pagecolor/pagecolor.sty
Package: pagecolor 2017/05/29 v1.0i Provides thepagecolor (HMM)
(/usr/local/texlive/2021/texmf-dist/tex/generic/iftex/ifpdf.sty
Package: ifpdf 2019/10/25 v3.4 ifpdf legacy package. Use iftex instead.
) (/usr/local/texlive/2021/texmf-dist/tex/generic/iftex/ifluatex.sty
Package: ifluatex 2019/10/25 v1.5 ifluatex legacy package. Use iftex instead.
)
Package pagecolor Info: \nopagecolor is undefined on input line 101.

Package pagecolor Warning: Option nopagecolor=none requested but \nopagecolor u
nknown:
(pagecolor)                By option nopagecolor the "colour" to be used with\n
opagecolor
(pagecolor)                is set. The current value is "none" (maybe by defaul
t),
(pagecolor)                but command \nopagecolor is undefined.
(pagecolor)                Therefore the colour cannot be "none".
(pagecolor)                Please change the option accordingly!
(pagecolor)                As first aid nopagecolor is now set to white
(pagecolor)                 on input line 116.


Package pagecolor Warning: Option pagecolor=none (maybe by default) used,
(pagecolor)                but \nopagecolor is unknown.
(pagecolor)                Please use anotheroption value;
(pagecolor)                white 
(pagecolor)                will be used now
(pagecolor)                 on input line 127.

)) (./mycolophon.sty)
LaTeX Font Info:    Font shape `JT2/hmc/m/n' will be
(Font)              scaled to size 9.24683pt on input line 286.
LaTeX Font Info:    Font shape `JY2/hmc/m/n' will be
(Font)              scaled to size 9.24683pt on input line 286.
(/usr/local/texlive/2021/texmf-dist/tex/latex/l3backend/l3backend-dvipdfmx.def
File: l3backend-dvipdfmx.def 2021-03-18 L3 backend support: dvipdfmx
(|extractbb --version)
\c__kernel_sys_dvipdfmx_version_int=\count310
\l__color_backend_stack_int=\count311
\g__color_backend_stack_int=\count312
\g__graphics_track_int=\count313
\l__pdf_internal_box=\box90
\g__pdf_backend_object_int=\count314
\g__pdf_backend_annotation_int=\count315
\g__pdf_backend_link_int=\count316
) (./book.aux)
\openout1 = `book.aux'.

LaTeX Font Info:    Checking defaults for OML/cmm/m/it on input line 286.
LaTeX Font Info:    ... okay on input line 286.
LaTeX Font Info:    Checking defaults for OMS/cmsy/m/n on input line 286.
LaTeX Font Info:    ... okay on input line 286.
LaTeX Font Info:    Checking defaults for OT1/cmr/m/n on input line 286.
LaTeX Font Info:    ... okay on input line 286.
LaTeX Font Info:    Checking defaults for T1/cmr/m/n on input line 286.
LaTeX Font Info:    ... okay on input line 286.
LaTeX Font Info:    Checking defaults for TS1/cmr/m/n on input line 286.
LaTeX Font Info:    ... okay on input line 286.
LaTeX Font Info:    Checking defaults for OMX/cmex/m/n on input line 286.
LaTeX Font Info:    ... okay on input line 286.
LaTeX Font Info:    Checking defaults for U/cmr/m/n on input line 286.
LaTeX Font Info:    ... okay on input line 286.
LaTeX Font Info:    Checking defaults for JY2/mc/m/n on input line 286.
LaTeX Font Info:    ... okay on input line 286.
LaTeX Font Info:    Checking defaults for JT2/mc/m/n on input line 286.
LaTeX Font Info:    ... okay on input line 286.
LaTeX Font Info:    Checking defaults for PD1/pdf/m/n on input line 286.
LaTeX Font Info:    ... okay on input line 286.
LaTeX Font Info:    Checking defaults for PU/pdf/m/n on input line 286.
LaTeX Font Info:    ... okay on input line 286.
LaTeX Font Info:    Checking defaults for LBM/cmr/m/n on input line 286.
LaTeX Font Info:    Trying to load font information for LBM+cmr on input line 2
86.
(/usr/local/texlive/2021/texmf-dist/tex/latex/boisik/lbmcmr.fd
File: lbmcmr.fd 
)
LaTeX Font Info:    ... okay on input line 286.
Package caption Info: Begin \AtBeginDocument code.
Package caption Info: float package is loaded.
Package caption Info: hyperref package is loaded.
Package caption Info: wrapfig package is loaded.
Package caption Info: End \AtBeginDocument code.
(/usr/local/texlive/2021/texmf-dist/tex/latex/pdflscape/pdflscape.sty
Package: pdflscape 2019/12/05 v0.12 Display of landscape pages in PDF (HO)
(/usr/local/texlive/2021/texmf-dist/tex/latex/graphics/lscape.sty
Package: lscape 2020/05/28 v3.02 Landscape Pages (DPC)
))
Package hyperref Info: Link coloring ON on input line 286.
(/usr/local/texlive/2021/texmf-dist/tex/latex/hyperref/nameref.sty
Package: nameref 2021-04-02 v2.47 Cross-referencing by name of section
(/usr/local/texlive/2021/texmf-dist/tex/latex/refcount/refcount.sty
Package: refcount 2019/12/15 v3.6 Data extraction from label references (HO)
)
(/usr/local/texlive/2021/texmf-dist/tex/generic/gettitlestring/gettitlestring.s
ty
Package: gettitlestring 2019/12/15 v1.6 Cleanup title references (HO)
)
\c@section@level=\count317
)
LaTeX Info: Redefining \ref on input line 286.
LaTeX Info: Redefining \pageref on input line 286.
LaTeX Info: Redefining \nameref on input line 286.
(./book.out) (./book.out)
\@outlinefile=\write4
\openout4 = `book.out'.

Package pxjahyper Info: Loaded 'pxjahyper-ajm.def'.
(/usr/local/texlive/2021/texmf-dist/tex/platex/pxjahyper/pxjahyper-ajm.def
File: pxjahyper-ajm.def 2021/02/26 v0.7b
) (/usr/local/texlive/2021/texmf-dist/tex/latex/upquote/upquote.sty
Package: upquote 2012/04/19 v1.3 upright-quote and grave-accent glyphs in verba
tim
)
Package minitoc Info: I0024
(minitoc)             PREPARING MINITOCS FROM book.toc on input line 286.
Package minitoc Info: I0033
(minitoc)             Writing book.mtc1.
\openout3 = `book.mtc1'.

Package minitoc Info: I0033
(minitoc)             Writing book.mtc2.
\openout3 = `book.mtc2'.

Package minitoc Info: I0033
(minitoc)             Writing book.mtc3.
\openout3 = `book.mtc3'.

Package minitoc Info: I0033
(minitoc)             Writing book.mtc4.
\openout3 = `book.mtc4'.

File: ./images/cover_b5_front.pdf Graphic file (type pdf)
<./images/cover_b5_front.pdf>
File: ./images/cover_b5_front.pdf Graphic file (type pdf)
<./images/cover_b5_front.pdf>
File: ./images/cover_b5_front.pdf Graphic file (type pdf)
<./images/cover_b5_front.pdf>
File: ./images/cover_b5_front.pdf Graphic file (type pdf)
<./images/cover_b5_front.pdf>
File: ./images/cover_b5_front.pdf Graphic file (type pdf)
<./images/cover_b5_front.pdf>
[1

]
LaTeX Font Info:    Font shape `JT2/hgt/m/n' will be
(Font)              scaled to size 9.24683pt on input line 307.
LaTeX Font Info:    Font shape `JY2/hgt/m/n' will be
(Font)              scaled to size 9.24683pt on input line 307.
LaTeX Font Info:    Trying to load font information for T1+phv on input line 30
7.
(/usr/local/texlive/2021/texmf-dist/tex/latex/psnfss/t1phv.fd
File: t1phv.fd 2020/03/25 scalable font definitions for T1/phv.
)
LaTeX Font Info:    Font shape `JT2/hgt/m/n' will be
(Font)              scaled to size 27.74048pt on input line 307.
LaTeX Font Info:    Font shape `JY2/hgt/m/n' will be
(Font)              scaled to size 27.74048pt on input line 307.

LaTeX Font Warning: Font shape `JY2/hgt/b/n' undefined
(Font)              using `JY2/hgt/bx/n' instead on input line 307.

LaTeX Font Info:    Font shape `JT2/hgt/bx/n' will be
(Font)              scaled to size 27.74048pt on input line 307.
LaTeX Font Info:    Font shape `JY2/hgt/bx/n' will be
(Font)              scaled to size 27.74048pt on input line 307.
LaTeX Font Info:    Font shape `JT2/hgt/m/n' will be
(Font)              scaled to size 13.31541pt on input line 307.
LaTeX Font Info:    Font shape `JY2/hgt/m/n' will be
(Font)              scaled to size 13.31541pt on input line 307.
LaTeX Font Info:    Font shape `JT2/hmc/m/n' will be
(Font)              scaled to size 13.31541pt on input line 307.
LaTeX Font Info:    Font shape `JY2/hmc/m/n' will be
(Font)              scaled to size 13.31541pt on input line 307.
LaTeX Font Info:    Font shape `JT2/hmc/m/n' will be
(Font)              scaled to size 15.9785pt on input line 307.
LaTeX Font Info:    Font shape `JY2/hmc/m/n' will be
(Font)              scaled to size 15.9785pt on input line 307.
[1

]
LaTeX Font Info:    Font shape `JT2/hmc/m/n' will be
(Font)              scaled to size 8.32214pt on input line 329.
LaTeX Font Info:    Font shape `JY2/hmc/m/n' will be
(Font)              scaled to size 8.32214pt on input line 329.
LaTeX Font Info:    Font shape `JT2/hgt/m/n' will be
(Font)              scaled to size 8.32214pt on input line 329.
LaTeX Font Info:    Font shape `JY2/hgt/m/n' will be
(Font)              scaled to size 8.32214pt on input line 329.
LaTeX Font Info:    Font shape `JT2/hgt/bx/n' will be
(Font)              scaled to size 8.32214pt on input line 329.
LaTeX Font Info:    Font shape `JY2/hgt/bx/n' will be
(Font)              scaled to size 8.32214pt on input line 329.
[2] (./00-preface.tex

LaTeX Font Warning: Font shape `JY2/hgt/b/n' undefined
(Font)              using `JY2/hgt/bx/n' instead on input line 1.

LaTeX Font Info:    Font shape `JT2/hgt/bx/n' will be
(Font)              scaled to size 9.24683pt on input line 1.
LaTeX Font Info:    Font shape `JY2/hgt/bx/n' will be
(Font)              scaled to size 9.24683pt on input line 1.
LaTeX Font Info:    Font shape `JT2/hgt/bx/n' will be
(Font)              scaled to size 23.0061pt on input line 1.
LaTeX Font Info:    Font shape `JY2/hgt/bx/n' will be
(Font)              scaled to size 23.0061pt on input line 1.
[1


])

LaTeX Font Warning: Font shape `JY2/hgt/b/n' undefined
(Font)              using `JY2/hgt/bx/n' instead on input line 344.


LaTeX Font Warning: Font shape `JY2/hgt/b/n' undefined
(Font)              using `JY2/hgt/bx/n' instead on input line 344.

LaTeX Font Info:    Font shape `JT2/hmc/m/n' will be
(Font)              scaled to size 7.39746pt on input line 344.
LaTeX Font Info:    Font shape `JY2/hmc/m/n' will be
(Font)              scaled to size 7.39746pt on input line 344.
LaTeX Font Info:    Font shape `JT2/hgt/m/n' will be
(Font)              scaled to size 7.39746pt on input line 344.
LaTeX Font Info:    Font shape `JY2/hgt/m/n' will be
(Font)              scaled to size 7.39746pt on input line 344.
[2]

LaTeX Font Warning: Font shape `JY2/hgt/b/n' undefined
(Font)              using `JY2/hgt/bx/n' instead on input line 344.

(./book.toc

LaTeX Font Warning: Font shape `JY2/hgt/b/n' undefined
(Font)              using `JY2/hgt/bx/n' instead on input line 1.


LaTeX Font Warning: Font shape `JY2/hgt/b/n' undefined
(Font)              using `JY2/hgt/bx/n' instead on input line 2.

LaTeX Font Info:    Font shape `JY2/hmc/m/n' will be
(Font)              scaled to size 6.47278pt on input line 3.
LaTeX Font Info:    Font shape `JY2/hmc/m/n' will be
(Font)              scaled to size 4.62341pt on input line 3.
LaTeX Font Info:    Trying to load font information for U+msa on input line 3.
(/usr/local/texlive/2021/texmf-dist/tex/latex/amsfonts/umsa.fd
File: umsa.fd 2013/01/14 v3.01 AMS symbols A
)
LaTeX Font Info:    Trying to load font information for U+msb on input line 3.
(/usr/local/texlive/2021/texmf-dist/tex/latex/amsfonts/umsb.fd
File: umsb.fd 2013/01/14 v3.01 AMS symbols B
)

LaTeX Font Warning: Font shape `JY2/hgt/b/n' undefined
(Font)              using `JY2/hgt/bx/n' instead on input line 15.


LaTeX Font Warning: Font shape `JY2/hgt/b/n' undefined
(Font)              using `JY2/hgt/bx/n' instead on input line 23.

)
\tf@toc=\write5
\openout5 = `book.toc'.

[3


] (./01-createDevEnv.tex

LaTeX Font Warning: Font shape `JY2/hgt/b/n' undefined
(Font)              using `JY2/hgt/bx/n' instead on input line 1.

LaTeX Font Info:    Font shape `JT2/hgt/bx/n' will be
(Font)              scaled to size 15.9785pt on input line 1.
LaTeX Font Info:    Font shape `JY2/hgt/bx/n' will be
(Font)              scaled to size 15.9785pt on input line 1.
File: ./images/01-createDevEnv/01_00asignToFrontend.png Graphic file (type bmp)

<./images/01-createDevEnv/01_00asignToFrontend.png>

LaTeX Font Warning: Font shape `JY2/hgt/b/n' undefined
(Font)              using `JY2/hgt/bx/n' instead on input line 22.

LaTeX Font Info:    Font shape `JT2/hgt/bx/n' will be
(Font)              scaled to size 13.31541pt on input line 22.
LaTeX Font Info:    Font shape `JY2/hgt/bx/n' will be
(Font)              scaled to size 13.31541pt on input line 22.
[1


]

LaTeX Font Warning: Font shape `JY2/hgt/b/n' undefined
(Font)              using `JY2/hgt/bx/n' instead on input line 29.

LaTeX Font Info:    Font shape `JT2/hgt/bx/n' will be
(Font)              scaled to size 11.09619pt on input line 29.
LaTeX Font Info:    Font shape `JY2/hgt/bx/n' will be
(Font)              scaled to size 11.09619pt on input line 29.
LaTeX Font Info:    Font shape `JY2/hmc/m/n' will be
(Font)              scaled to size 11.09619pt on input line 29.
LaTeX Font Info:    Font shape `JY2/hmc/m/n' will be
(Font)              scaled to size 5.5481pt on input line 29.

LaTeX Font Warning: Font shape `JY2/hgt/b/n' undefined
(Font)              using `JY2/hgt/bx/n' instead on input line 35.

LaTeX Font Info:    Font shape `JT2/hmc/bx/n' will be
(Font)              scaled to size 9.24683pt on input line 42.
LaTeX Font Info:    Font shape `JY2/hmc/bx/n' will be
(Font)              scaled to size 9.24683pt on input line 42.
File: ./images/01-createDevEnv/y01.png Graphic file (type bmp)
<./images/01-createDevEnv/y01.png>
LaTeX Font Info:    Font shape `JT2/hmc/m/n' will be
(Font)              scaled to size 6.47278pt on input line 52.
LaTeX Font Info:    Font shape `JT2/hmc/m/n' will be
(Font)              scaled to size 5.5481pt on input line 52.
LaTeX Font Info:    Trying to load font information for T1+zi4 on input line 52
.
(/usr/local/texlive/2021/texmf-dist/tex/latex/inconsolata/t1zi4.fd
File: t1zi4.fd 2018/01/14 T1/zi4 (Inconsolata)
)
LaTeX Font Info:    Font shape `T1/zi4/m/n' will be
(Font)              scaled to size 8.0pt on input line 52.
[2]
LaTeX Info: Redefining \- on input line 58.
LaTeX Font Info:    Font shape `T1/zi4/m/n' will be
(Font)              scaled to size 9.0pt on input line 58.
LaTeX Font Info:    Trying to load font information for TS1+zi4 on input line 7
2.
(/usr/local/texlive/2021/texmf-dist/tex/latex/inconsolata/ts1zi4.fd
File: ts1zi4.fd 2018/01/14 TS1/zi4 (Inconsolata)
)
LaTeX Font Info:    Font shape `TS1/zi4/m/n' will be
(Font)              scaled to size 9.0pt on input line 72.
Package textcomp Info: Symbol \textasciigrave not provided by
(textcomp)             font family zi4 in TS1 encoding.
(textcomp)             Default family used instead on input line 72.
LaTeX Font Info:    Trying to load font information for T1+cmtt on input line 7
2.
(/usr/local/texlive/2021/texmf-dist/tex/latex/base/t1cmtt.fd
File: t1cmtt.fd 2019/12/16 v2.5j Standard LaTeX font definitions
)
LaTeX Font Info:    Trying to load font information for TS1+cmtt on input line 
72.
(/usr/local/texlive/2021/texmf-dist/tex/latex/base/ts1cmtt.fd
File: ts1cmtt.fd 2019/12/16 v2.5j Standard LaTeX font definitions
)
Package textcomp Info: Symbol \textasciigrave not provided by
(textcomp)             font family zi4 in TS1 encoding.
(textcomp)             Default family used instead on input line 72.
LaTeX Info: Redefining \- on input line 77.
File: ./images/01-createDevEnv/01_00browser_helloWorld.png Graphic file (type b
mp)
<./images/01-createDevEnv/01_00browser_helloWorld.png>
[3

]
LaTeX Font Info:    Font shape `JT2/hmc/bx/n' will be
(Font)              scaled to size 8.32214pt on input line 96.
LaTeX Font Info:    Font shape `JY2/hmc/bx/n' will be
(Font)              scaled to size 8.32214pt on input line 96.
LaTeX Font Info:    Font shape `JT2/hmc/bx/n' will be
(Font)              scaled to size 11.09619pt on input line 96.
LaTeX Font Info:    Font shape `JY2/hmc/bx/n' will be
(Font)              scaled to size 11.09619pt on input line 96.
[4

]

LaTeX Font Warning: Font shape `JY2/hgt/b/n' undefined
(Font)              using `JY2/hgt/bx/n' instead on input line 105.

File: ./images/01-createDevEnv/y01_getNodejs.png Graphic file (type bmp)
<./images/01-createDevEnv/y01_getNodejs.png>
File: ./images/01-createDevEnv/yr01_aboutNodejs.png Graphic file (type bmp)
<./images/01-createDevEnv/yr01_aboutNodejs.png>
LaTeX Font Info:    Font shape `T1/zi4/m/n' will be
(Font)              scaled to size 10.0pt on input line 121.
File: ./images/01-createDevEnv/01_01nodejsTop.png Graphic file (type bmp)
<./images/01-createDevEnv/01_01nodejsTop.png>
[5

]
File: ./images/01-createDevEnv/01_02nodejsRoadmap.png Graphic file (type bmp)
<./images/01-createDevEnv/01_02nodejsRoadmap.png>
[6] [7]

LaTeX Font Warning: Font shape `JY2/hgt/b/n' undefined
(Font)              using `JY2/hgt/bx/n' instead on input line 152.

File: ./images/01-createDevEnv/y01_whichNodeVer.png Graphic file (type bmp)
<./images/01-createDevEnv/y01_whichNodeVer.png>

LaTeX Font Warning: Font shape `JY2/hgt/b/n' undefined
(Font)              using `JY2/hgt/bx/n' instead on input line 177.

[8

]

LaTeX Font Warning: Font shape `JY2/hgt/b/n' undefined
(Font)              using `JY2/hgt/bx/n' instead on input line 190.


LaTeX Font Warning: Font shape `JY2/hgt/b/n' undefined
(Font)              using `JY2/hgt/bx/n' instead on input line 191.

LaTeX Info: Redefining \- on input line 195.
LaTeX Info: Redefining \- on input line 200.

Underfull \hbox (badness 10000) in paragraph at lines 201--201
[] [][] [][]\T1/zi4/m/n/9 e[][]x[][]p[][]o[][]r[][]t[][] [][]N[][]V[][]M[][]_[]
[][][]D[][]I[][]R[][]=[][]"[][]$[][][][]([][][[][] [][]-[][]z[][] [][]"[][]$[][
][][]{[][]X[][]D[][]G[][]_[][][][]C[][]O[][]N[][]F[][]I[][]G[][]_[][][][]H[][]O
[][]M[][]E[][]-[][]}[][]"[][] [][]][][] [][]&[][]&[][] [][]p[][]r[][]i[][]n[][]
t[][]f[][] [][]%[][]s[][] [][]"[][]$[][][][]{[][]H[][]O[][]M[][]E[][]}[][]/[][]
.[][]n[][]v[][]m[][]"[][] [][]|[][][][]|[][][][] [][]p[][]r[]
 []


LaTeX Font Warning: Font shape `JY2/hgt/b/n' undefined
(Font)              using `JY2/hgt/bx/n' instead on input line 204.


LaTeX Font Warning: Font shape `JY2/hgt/b/n' undefined
(Font)              using `JY2/hgt/bx/n' instead on input line 210.

LaTeX Info: Redefining \- on input line 221.
Package textcomp Info: Symbol \textasciigrave not provided by
(textcomp)             font family zi4 in TS1 encoding.
(textcomp)             Default family used instead on input line 235.
Package textcomp Info: Symbol \textasciigrave not provided by
(textcomp)             font family zi4 in TS1 encoding.
(textcomp)             Default family used instead on input line 235.

Underfull \hbox (badness 10000) in paragraph at lines 235--235
[][][] [][] [][]\T1/zi4/m/n/9 n[][]v[][]m[][] [][]e[][]x[][]e[][]c[][] [][]4[][
].[][]8[][].[][]3[][] [][]n[][]o[][]d[][]e[][] [][]a[][]p[][]p[][].[][]j[][]s[]
[] [][] [][] [][] [][] [][] [][] [][] [][] [][] [][] [][] [][]R[][]u[][]n[][] [
][]\TS1/cmtt/m/n/9 `[][]\T1/zi4/m/n/9 n[][]o[][]d[][]e[][] [][]a[][]p[][]p[][].
[][]j[][]s[][]\TS1/cmtt/m/n/9 `[][] [][]\T1/zi4/m/n/9 w[][]i[][]t[][]h[][] [][]
t[][]h[][]e[][] [][]P[][]A[][]T[][]H[][] [][]p[][]o[][]i[][]n[][]t[][]i[][]n[][
]g[][] [][]t[]
 []


Underfull \hbox (badness 10000) in paragraph at lines 235--235
[][][] [][] [][]\T1/zi4/m/n/9 n[][]v[][]m[][] [][]a[][]l[][]i[][]a[][]s[][] [][
]d[][]e[][]f[][]a[][]u[][]l[][]t[][] [][]n[][]o[][]d[][]e[][] [][] [][] [][] []
[] [][] [][] [][] [][] [][] [][] [][] [][] [][] [][] [][] [][]A[][]l[][]w[][]a[
][]y[][]s[][] [][]d[][]e[][]f[][]a[][]u[][]l[][]t[][] [][]t[][]o[][] [][]t[][]h
[][]e[][] [][]l[][]a[][]t[][]e[][]s[][]t[][] [][]a[][]v[][]a[][]i[][]l[][]a[][]
b[][]l[][]e[][] [][]n[][]o[][]d[]
 []

Package textcomp Info: Symbol \textasciigrave not provided by
(textcomp)             font family zi4 in TS1 encoding.
(textcomp)             Default family used instead on input line 235.
Package textcomp Info: Symbol \textasciigrave not provided by
(textcomp)             font family zi4 in TS1 encoding.
(textcomp)             Default family used instead on input line 235.
Package textcomp Info: Symbol \textasciigrave not provided by
(textcomp)             font family zi4 in TS1 encoding.
(textcomp)             Default family used instead on input line 235.
Package textcomp Info: Symbol \textasciigrave not provided by
(textcomp)             font family zi4 in TS1 encoding.
(textcomp)             Default family used instead on input line 235.

Underfull \hbox (badness 10000) in paragraph at lines 235--235
[][][] [][] [][]\T1/zi4/m/n/9 t[][]o[][] [][]r[][]e[][]m[][]o[][]v[][]e[][],[][
] [][]d[][]e[][]l[][]e[][]t[][]e[][],[][] [][]o[][]r[][] [][]u[][]n[][]i[][]n[]
[]s[][]t[][]a[][]l[][]l[][] [][]n[][]v[][]m[][] [][]-[][] [][]j[][]u[][]s[][]t[
][] [][]r[][]e[][]m[][]o[][]v[][]e[][] [][]t[][]h[][]e[][] [][]\TS1/cmtt/m/n/9 
`[][]\T1/zi4/m/n/9 $[][][][]N[][]V[][]M[][]_[][][][]D[][]I[][]R[][]\TS1/cmtt/m/
n/9 `[][] [][]\T1/zi4/m/n/9 f[][]o[][]l[][]d[][]e[][]r[][] [][]([][]u[][]s[][]u
[][]a[][]l[][]l[][]y[]
 []

[9]
LaTeX Info: Redefining \- on input line 240.

Underfull \hbox (badness 10000) in paragraph at lines 258--258
[][][] [][] [][]\T1/zi4/m/n/9 n[][]v[][]m[][] [][]i[][]n[][]s[][]t[][]a[][]l[][
]l[][] [][]<[][][][]v[][]e[][]r[][]s[][]i[][]o[][]n[][]>[][][][] [][][[][]a[][]
r[][]c[][]h[][]][][] [][]:[][] [][]T[][]h[][]e[][] [][]v[][]e[][]r[][]s[][]i[][
]o[][]n[][] [][]c[][]a[][]n[][] [][]b[][]e[][] [][]a[][] [][]N[][]o[][]d[][]e[]
[].[][]j[][]s[][] [][]v[][]e[][]r[][]s[][]i[][]o[][]n[][] [][]o[][]r[][] [][]"[
][]l[][]a[][]t[][]e[][]s[][]t[][]"[][] []
 []


Underfull \hbox (badness 10000) in paragraph at lines 258--258
[][][] [][] [][] [][] [][] [][] [][] [][] [][] [][] [][] [][] [][] [][] [][] []
[] [][] [][] [][] [][] [][] [][] [][] [][] [][] [][] [][] [][] [][] [][] [][] [
][] [][] [][]\T1/zi4/m/n/9 O[][]p[][]t[][]i[][]o[][]n[][]a[][]l[][]l[][]y[][] [
][]s[][]p[][]e[][]c[][]i[][]f[][]y[][] [][]w[][]h[][]e[][]t[][]h[][]e[][]r[][] 
[][]t[][]o[][] [][]i[][]n[][]s[][]t[][]a[][]l[][]l[][] [][]t[][]h[][]e[][] [][]
3[][]2[][] [][]o[][]r[][] [][]6[]
 []


Underfull \hbox (badness 10000) in paragraph at lines 258--258
[][][] [][] [][] [][] [][] [][] [][] [][] [][] [][] [][] [][] [][] [][] [][] []
[] [][] [][] [][] [][] [][] [][] [][] [][] [][] [][] [][] [][] [][] [][] [][] [
][] [][] [][]\T1/zi4/m/n/9 S[][]e[][]t[][] [][][[][]a[][]r[][]c[][]h[][]][][] [
][]t[][]o[][] [][]"[][]a[][]l[][]l[][]"[][] [][]t[][]o[][] [][]i[][]n[][]s[][]t
[][]a[][]l[][]l[][] [][]3[][]2[][] [][]A[][]N[][]D[][] [][]6[][]4[][] [][]b[][]
i[][]t[][] [][]v[][]e[][]r[][]s[]
 []


Underfull \hbox (badness 10000) in paragraph at lines 258--258
[][][] [][] [][] [][] [][] [][] [][] [][] [][] [][] [][] [][] [][] [][] [][] []
[] [][] [][] [][] [][] [][] [][] [][] [][] [][] [][] [][] [][] [][] [][] [][] [
][] [][] [][]\T1/zi4/m/n/9 A[][]d[][]d[][] [][]-[][]-[][]i[][]n[][]s[][]e[][]c[
][]u[][]r[][]e[][] [][]t[][]o[][] [][]t[][]h[][]e[][] [][]e[][]n[][]d[][] [][]o
[][]f[][] [][]t[][]h[][]i[][]s[][] [][]c[][]o[][]m[][]m[][]a[][]n[][]d[][] [][]
t[][]o[][] [][]b[][]y[][]p[][]a[]
 []


Underfull \hbox (badness 10000) in paragraph at lines 258--258
[][][] [][] [][]\T1/zi4/m/n/9 n[][]v[][]m[][] [][]l[][]i[][]s[][]t[][] [][][[][
]a[][]v[][]a[][]i[][]l[][]a[][]b[][]l[][]e[][]][][] [][] [][] [][] [][] [][] []
[] [][] [][] [][]:[][] [][]L[][]i[][]s[][]t[][] [][]t[][]h[][]e[][] [][]N[][]o[
][]d[][]e[][].[][]j[][]s[][] [][]i[][]n[][]s[][]t[][]a[][]l[][]l[][]a[][]t[][]i
[][]o[][]n[][]s[][].[][] [][]T[][]y[][]p[][]e[][] [][]"[][]a[][]v[][]a[][]i[][]
l[][]a[][]b[][]l[][]e[][]"[][] []
 []


Underfull \hbox (badness 10000) in paragraph at lines 258--258
[][][] [][] [][]\T1/zi4/m/n/9 n[][]v[][]m[][] [][]u[][]s[][]e[][] [][][[][]v[][
]e[][]r[][]s[][]i[][]o[][]n[][]][][] [][][[][]a[][]r[][]c[][]h[][]][][] [][] []
[] [][] [][] [][]:[][] [][]S[][]w[][]i[][]t[][]c[][]h[][] [][]t[][]o[][] [][]u[
][]s[][]e[][] [][]t[][]h[][]e[][] [][]s[][]p[][]e[][]c[][]i[][]f[][]i[][]e[][]d
[][] [][]v[][]e[][]r[][]s[][]i[][]o[][]n[][].[][] [][]O[][]p[][]t[][]i[][]o[][]
n[][]a[][]l[][]l[][]y[][] [][]s[]
 []


Underfull \hbox (badness 10000) in paragraph at lines 258--258
[][][] [][] [][] [][] [][] [][] [][] [][] [][] [][] [][] [][] [][] [][] [][] []
[] [][] [][] [][] [][] [][] [][] [][] [][] [][] [][] [][] [][] [][] [][] [][] [
][] [][] [][]\T1/zi4/m/n/9 n[][]v[][]m[][] [][]u[][]s[][]e[][] [][]<[][][][]a[]
[]r[][]c[][]h[][]>[][][][] [][]w[][]i[][]l[][]l[][] [][]c[][]o[][]n[][]t[][]i[]
[]n[][]u[][]e[][] [][]u[][]s[][]i[][]n[][]g[][] [][]t[][]h[][]e[][] [][]s[][]e[
][]l[][]e[][]c[][]t[][]e[][]d[][] [][]v[]
 []


Underfull \hbox (badness 10000) in paragraph at lines 258--258
[][][] [][] [][]\T1/zi4/m/n/9 n[][]v[][]m[][] [][]r[][]o[][]o[][]t[][] [][][[][
]p[][]a[][]t[][]h[][]][][] [][] [][] [][] [][] [][] [][] [][] [][] [][] [][] []
[] [][] [][] [][]:[][] [][]S[][]e[][]t[][] [][]t[][]h[][]e[][] [][]d[][]i[][]r[
][]e[][]c[][]t[][]o[][]r[][]y[][] [][]w[][]h[][]e[][]r[][]e[][] [][]n[][]v[][]m
[][] [][]s[][]h[][]o[][]u[][]l[][]d[][] [][]s[][]t[][]o[][]r[][]e[][] [][]d[][]
i[][]f[][]f[][]e[][]r[][]e[][]n[]
 []


Underfull \hbox (badness 10000) in paragraph at lines 258--258
[][][] [][] [][] [][] [][] [][] [][] [][] [][] [][] [][] [][] [][] [][] [][] []
[] [][] [][] [][] [][] [][] [][] [][] [][] [][] [][] [][] [][] [][] [][] [][] [
][] [][] [][]\T1/zi4/m/n/9 I[][]f[][] [][]<[][][][]p[][]a[][]t[][]h[][]>[][][][
] [][]i[][]s[][] [][]n[][]o[][]t[][] [][]s[][]e[][]t[][],[][] [][]t[][]h[][]e[]
[] [][]c[][]u[][]r[][]r[][]e[][]n[][]t[][] [][]r[][]o[][]o[][]t[][] [][]w[][]i[
][]l[][]l[][] [][]b[][]e[][] [][]d[][]i[]
 []


Underfull \hbox (badness 10000) in paragraph at lines 258--258
[][][] [][] [][]\T1/zi4/m/n/9 n[][]v[][]m[][] [][]v[][]e[][]r[][]s[][]i[][]o[][
]n[][] [][] [][] [][] [][] [][] [][] [][] [][] [][] [][] [][] [][] [][] [][] []
[] [][] [][] [][]:[][] [][]D[][]i[][]s[][]p[][]l[][]a[][]y[][]s[][] [][]t[][]h[
][]e[][] [][]c[][]u[][]r[][]r[][]e[][]n[][]t[][] [][]r[][]u[][]n[][]n[][]i[][]n
[][]g[][] [][]v[][]e[][]r[][]s[][]i[][]o[][]n[][] [][]o[][]f[][] [][]n[][]v[][]
m[][] [][]f[][]o[][]r[][] [][]W[]
 []


LaTeX Font Warning: Font shape `JY2/hgt/b/n' undefined
(Font)              using `JY2/hgt/bx/n' instead on input line 261.

[10]
LaTeX Info: Redefining \- on input line 266.
[11]
LaTeX Info: Redefining \- on input line 287.

Underfull \hbox (badness 10000) in paragraph at lines 312--312
[][][]\T1/zi4/m/n/9 T[][]h[][]i[][]s[][] [][]i[][]s[][] [][]a[][] [][]p[][]a[][
]r[][]t[][]i[][]a[][]l[][] [][]l[][]i[][]s[][]t[][].[][] [][]F[][]o[][]r[][] []
[]a[][] [][]c[][]o[][]m[][]p[][]l[][]e[][]t[][]e[][] [][]l[][]i[][]s[][]t[][],[
][] [][]v[][]i[][]s[][]i[][]t[][] [][]h[][]t[][]t[][]p[][]s[][]:[][]/[][]/[][]n
[][]o[][]d[][]e[][]j[][]s[][].[][]o[][]r[][]g[][]/[][]d[][]o[][]w[][]n[][]l[][]
o[][]a[][]d[][]/[][]r[][]e[][]l[]
 []


LaTeX Font Warning: Font shape `JY2/hgt/b/n' undefined
(Font)              using `JY2/hgt/bx/n' instead on input line 315.

LaTeX Info: Redefining \- on input line 320.

Underfull \hbox (badness 10000) in paragraph at lines 326--326
[][][]\T1/zi4/m/n/9 #[][]#[][]#[][]#[][]#[][]#[][]#[][]#[][]#[][]#[][]#[][]#[][
]#[][]#[][]#[][]#[][]#[][]#[][]#[][]#[][]#[][]#[][]#[][]#[][]#[][]#[][]#[][]#[]
[]#[][]#[][]#[][]#[][]#[][]#[][]#[][]#[][]#[][]#[][]#[][]#[][]#[][]#[][]#[][]#[
][]#[][]#[][]#[][]#[][]#[][]#[][]#[][]#[][]#[][]#[][]#[][]#[][]#[][]#[][]#[][]#
[][]#[][]#[][]#[][]#[][]#[][]#[][]#[][]#[][]#[][]#[][]#[][]#[][]#[][]#[][]#[][]
#[][]#[][]#[][]#[][]#[][]#[][]#[]
 []

[12

]
LaTeX Info: Redefining \- on input line 328.

LaTeX Font Warning: Font shape `JY2/hgt/b/n' undefined
(Font)              using `JY2/hgt/bx/n' instead on input line 340.

LaTeX Info: Redefining \- on input line 344.
LaTeX Info: Redefining \- on input line 363.

LaTeX Font Warning: Font shape `JY2/hgt/b/n' undefined
(Font)              using `JY2/hgt/bx/n' instead on input line 370.

[13]
LaTeX Info: Redefining \- on input line 375.
[14]

LaTeX Font Warning: Font shape `JY2/hgt/b/n' undefined
(Font)              using `JY2/hgt/bx/n' instead on input line 386.


LaTeX Font Warning: Font shape `JY2/hgt/b/n' undefined
(Font)              using `JY2/hgt/bx/n' instead on input line 405.


LaTeX Font Warning: Font shape `JY2/hgt/b/n' undefined
(Font)              using `JY2/hgt/bx/n' instead on input line 419.

LaTeX Info: Redefining \- on input line 428.
LaTeX Info: Redefining \- on input line 435.

LaTeX Font Warning: Font shape `JY2/hgt/b/n' undefined
(Font)              using `JY2/hgt/bx/n' instead on input line 439.

[15

]
LaTeX Info: Redefining \- on input line 448.

LaTeX Font Warning: Font shape `JY2/hgt/b/n' undefined
(Font)              using `JY2/hgt/bx/n' instead on input line 453.

File: ./images/01-createDevEnv/01_03vscodeExtension.png Graphic file (type bmp)

<./images/01-createDevEnv/01_03vscodeExtension.png>
[16]

LaTeX Font Warning: Font shape `JY2/hgt/b/n' undefined
(Font)              using `JY2/hgt/bx/n' instead on input line 473.

File: ./images/01-createDevEnv/01_06vscodeExtension_debuggerForChrome.png Graph
ic file (type bmp)
<./images/01-createDevEnv/01_06vscodeExtension_debuggerForChrome.png>

LaTeX Font Warning: Font shape `JY2/hgt/b/n' undefined
(Font)              using `JY2/hgt/bx/n' instead on input line 489.

File: ./images/01-createDevEnv/01_07vscodeExtension_eslint.png Graphic file (ty
pe bmp)
<./images/01-createDevEnv/01_07vscodeExtension_eslint.png>

LaTeX Font Warning: Font shape `JY2/hgt/b/n' undefined
(Font)              using `JY2/hgt/bx/n' instead on input line 503.

File: ./images/01-createDevEnv/01_08vscodeExtension_prettier.png Graphic file (
type bmp)
<./images/01-createDevEnv/01_08vscodeExtension_prettier.png>
[17] [18]

LaTeX Font Warning: Font shape `JY2/hgt/b/n' undefined
(Font)              using `JY2/hgt/bx/n' instead on input line 517.


LaTeX Font Warning: Font shape `JY2/hgt/b/n' undefined
(Font)              using `JY2/hgt/bx/n' instead on input line 528.

File: ./images/01-createDevEnv/01_09googleChrome.png Graphic file (type bmp)
<./images/01-createDevEnv/01_09googleChrome.png>

Underfull \hbox (badness 2980) in paragraph at lines 549--550
[]\T1/cmr/m/n/10 Chrome Web store:[][]$\T1/zi4/m/n/10 https : / / chrome . goog
le . com / webstore / category / extensions ?
 []

File: ./images/01-createDevEnv/01_13chromeWebstore.png Graphic file (type bmp)
<./images/01-createDevEnv/01_13chromeWebstore.png>
[19

]

LaTeX Font Warning: Font shape `JY2/hgt/b/n' undefined
(Font)              using `JY2/hgt/bx/n' instead on input line 557.

File: ./images/01-createDevEnv/01_10chromeExtReactDevTools.png Graphic file (ty
pe bmp)
<./images/01-createDevEnv/01_10chromeExtReactDevTools.png>
File: ./images/01-createDevEnv/01_12chromeExtReactDevTools01.png Graphic file (
type bmp)
<./images/01-createDevEnv/01_12chromeExtReactDevTools01.png>
[20] [21]

LaTeX Font Warning: Font shape `JY2/hgt/b/n' undefined
(Font)              using `JY2/hgt/bx/n' instead on input line 578.

File: ./images/01-createDevEnv/01_11chromeExtReduxDevTools.png Graphic file (ty
pe bmp)
<./images/01-createDevEnv/01_11chromeExtReduxDevTools.png>
[22] [23]

LaTeX Font Warning: Font shape `JY2/hgt/b/n' undefined
(Font)              using `JY2/hgt/bx/n' instead on input line 594.

) (./02-create-react-app.tex [24

]

LaTeX Font Warning: Font shape `JY2/hgt/b/n' undefined
(Font)              using `JY2/hgt/bx/n' instead on input line 1.


LaTeX Font Warning: Font shape `JY2/hgt/b/n' undefined
(Font)              using `JY2/hgt/bx/n' instead on input line 11.

[25

]
LaTeX Info: Redefining \- on input line 37.
LaTeX Info: Redefining \- on input line 42.

LaTeX Font Warning: Font shape `JY2/hgt/b/n' undefined
(Font)              using `JY2/hgt/bx/n' instead on input line 72.


LaTeX Font Warning: Font shape `JY2/hgt/b/n' undefined
(Font)              using `JY2/hgt/bx/n' instead on input line 74.


LaTeX Font Warning: Font shape `JY2/hgt/b/n' undefined
(Font)              using `JY2/hgt/bx/n' instead on input line 76.


LaTeX Font Warning: Font shape `JY2/hgt/b/n' undefined
(Font)              using `JY2/hgt/bx/n' instead on input line 78.


Underfull \vbox (badness 1817) detected at line 89
 []

[26]

LaTeX Font Warning: Font shape `JY2/hgt/b/n' undefined
(Font)              using `JY2/hgt/bx/n' instead on input line 90.

LaTeX Info: Redefining \- on input line 96.

Underfull \hbox (badness 10000) in paragraph at lines 96--96
[] [][] [][] [][] [][]\T1/zi4/m/n/9 $[][][][] [][]>[][][][] [][]g[][]i[][]t[][]
 [][]c[][]l[][]o[][]n[][]e[][] [][]-[][]b[][] [][]0[][]0[][]_[][][][]c[][]r[][]
e[][]a[][]t[][]e[][]-[][]r[][]e[][]a[][]c[][]t[][]-[][]a[][]p[][]p[][] [][]h[][
]t[][]t[][]p[][]s[][]:[][]/[][]/[][]g[][]i[][]t[][]h[][]u[][]b[][].[][]c[][]o[]
[]m[][]/[][]y[][]a[][]r[][]u[][]o[][]-[][]r[][]e[][]a[]
 []

[27]

LaTeX Font Warning: Font shape `JY2/hgt/b/n' undefined
(Font)              using `JY2/hgt/bx/n' instead on input line 102.

LaTeX Info: Redefining \- on input line 114.
LaTeX Info: Redefining \- on input line 120.
File: ./images/02-create-react-app/02_cra_start.png Graphic file (type bmp)
<./images/02-create-react-app/02_cra_start.png>
[28

] [29]

LaTeX Font Warning: Font shape `JY2/hgt/b/n' undefined
(Font)              using `JY2/hgt/bx/n' instead on input line 140.

LaTeX Info: Redefining \- on input line 150.
LaTeX Info: Redefining \- on input line 180.
[30

] [31]

LaTeX Font Warning: Font shape `JY2/hgt/b/n' undefined
(Font)              using `JY2/hgt/bx/n' instead on input line 233.

[32

]

LaTeX Font Warning: Font shape `JY2/hgt/b/n' undefined
(Font)              using `JY2/hgt/bx/n' instead on input line 285.


LaTeX Font Warning: Font shape `JY2/hgt/b/n' undefined
(Font)              using `JY2/hgt/bx/n' instead on input line 292.

LaTeX Info: Redefining \- on input line 304.
LaTeX Info: Redefining \- on input line 309.
LaTeX Info: Redefining \- on input line 317.

Underfull \hbox (badness 10000) in paragraph at lines 327--327
[][][] [][] [][]\T1/zi4/m/n/9 e[][]s[][]l[][]i[][]n[][]t[][]-[][]p[][]l[][]u[][
]g[][]i[][]n[][]-[][]r[][]e[][]a[][]c[][]t[][]@[][]l[][]a[][]t[][]e[][]s[][]t[]
[] [][]@[][]t[][]y[][]p[][]e[][]s[][]c[][]r[][]i[][]p[][]t[][]-[][]e[][]s[][]l[
][]i[][]n[][]t[][]/[][]e[][]s[][]l[][]i[][]n[][]t[][]-[][]p[][]l[][]u[][]g[][]i
[][]n[][]@[][]l[][]a[][]t[][]e[][]s[][]t[][] [][]@[][]t[][]y[][]p[][]e[][]s[][]
c[][]r[][]i[][]p[][]t[][]-[][]e[]
 []

LaTeX Info: Redefining \- on input line 329.
[33]
LaTeX Info: Redefining \- on input line 339.
LaTeX Info: Redefining \- on input line 369.
LaTeX Info: Redefining \- on input line 374.
[34]
LaTeX Info: Redefining \- on input line 382.
LaTeX Info: Redefining \- on input line 396.
LaTeX Info: Redefining \- on input line 410.
LaTeX Info: Redefining \- on input line 423.
[35]

LaTeX Font Warning: Font shape `JY2/hgt/b/n' undefined
(Font)              using `JY2/hgt/bx/n' instead on input line 448.

LaTeX Info: Redefining \- on input line 458.
LaTeX Info: Redefining \- on input line 463.
[36]
LaTeX Info: Redefining \- on input line 479.
LaTeX Info: Redefining \- on input line 496.
LaTeX Info: Redefining \- on input line 503.
LaTeX Info: Redefining \- on input line 511.
[37]
File: ./images/02-create-react-app/03_eslint_prettier.png Graphic file (type bm
p)
<./images/02-create-react-app/03_eslint_prettier.png>
[38]

LaTeX Font Warning: Font shape `JY2/hgt/b/n' undefined
(Font)              using `JY2/hgt/bx/n' instead on input line 531.

LaTeX Info: Redefining \- on input line 552.

Underfull \hbox (badness 10000) in paragraph at lines 569--569
[][][]\T1/zi4/m/n/9 "[][]p[][]r[][]e[][]t[][]t[][]i[][]e[][]r[][].[][]d[][]i[][
]s[][]a[][]b[][]l[][]e[][]L[][]a[][]n[][]g[][]u[][]a[][]g[][]e[][]s[][]"[][]:[]
[] [][][[][]"[][]J[][]a[][]v[][]a[][]S[][]c[][]r[][]i[][]p[][]t[][]"[][],[][] [
][]"[][]J[][]a[][]v[][]a[][]S[][]c[][]r[][]i[][]p[][]t[][]r[][]e[][]a[][]c[][]t
[][]"[][],[][] [][]"[][]t[][]y[][]p[][]e[][]s[][]c[][]r[][]i[][]p[][]t[][]"[][]
,[][] [][]"[][]t[][]y[][]p[][]e[]
 []

[39

]
LaTeX Info: Redefining \- on input line 589.

Underfull \vbox (badness 1048) detected at line 645
 []

[40]
LaTeX Info: Redefining \- on input line 667.
File: ./images/02-create-react-app/032_app_tsx_error.png Graphic file (type bmp
)
<./images/02-create-react-app/032_app_tsx_error.png>
[41] [42]
LaTeX Info: Redefining \- on input line 696.
LaTeX Info: Redefining \- on input line 699.
File: ./images/02-create-react-app/033_reportWebVitals_error.png Graphic file (
type bmp)
<./images/02-create-react-app/033_reportWebVitals_error.png>

LaTeX Warning: `h' float specifier changed to `ht'.

LaTeX Info: Redefining \- on input line 735.

Underfull \hbox (badness 10000) in paragraph at lines 750--750
[][][] [][] [][] [][] [][] [][] [][]\T1/zi4/m/n/9 v[][]o[][]i[][]d[][] [][]i[][
]m[][]p[][]o[][]r[][]t[][]([][]\TS1/zi4/m/n/9 '[][]\T1/zi4/m/n/9 w[][]e[][]b[][
]-[][]v[][]i[][]t[][]a[][]l[][]s[][]\TS1/zi4/m/n/9 '[][]\T1/zi4/m/n/9 )[][].[][
]t[][]h[][]e[][]n[][]([][]([][]{[][] [][]g[][]e[][]t[][]C[][]L[][]S[][],[][] []
[]g[][]e[][]t[][]F[][]I[][]D[][],[][] [][]g[][]e[][]t[][]F[][]C[][]P[][],[][] [
][]g[][]e[][]t[][]L[][]C[][]P[][],[][] [][]g[][]e[][]t[][]T[][]T[][]F[][]B[][] 
[][]}[][])[]
 []

[43]
Underfull \vbox (badness 10000) detected at line 750
 []


Underfull \vbox (badness 10000) detected at line 750
 []

[44]
File: ./images/02-create-react-app/06_eslint_prettier_fixdoneAll.png Graphic fi
le (type bmp)
<./images/02-create-react-app/06_eslint_prettier_fixdoneAll.png>
[45]

LaTeX Font Warning: Font shape `JY2/hgt/b/n' undefined
(Font)              using `JY2/hgt/bx/n' instead on input line 760.

LaTeX Info: Redefining \- on input line 777.

Underfull \hbox (badness 10000) in paragraph at lines 777--777
[] [][] [][]\T1/zi4/m/n/9 $[][][][] [][]>[][][][] [][]g[][]i[][]t[][] [][]c[][]
l[][]o[][]n[][]e[][] [][]-[][]b[][] [][]0[][]1[][]_[][][][]e[][]s[][]l[][]i[][]
n[][]t[][]_[][][][]p[][]r[][]e[][]t[][]t[][]i[][]e[][]r[][] [][]h[][]t[][]t[][]
p[][]s[][]:[][]/[][]/[][]g[][]i[][]t[][]h[][]u[][]b[][].[][]c[][]o[][]m[][]/[][
]t[][]m[][]k[][]k[][]z[][]/[][]y[][]a[][]r[][]u[][]o[][].[]
 []

) (./03-todo-with-react.tex [46

]

LaTeX Font Warning: Font shape `JY2/hgt/b/n' undefined
(Font)              using `JY2/hgt/bx/n' instead on input line 1.


Underfull \hbox (badness 10000) in paragraph at lines 4--6
 \T1/phv/m/n/9 Re-dux:[][]$\T1/zi4/m/n/9 https : / / redux . js . org / tutoria
ls / essentials / part-[]1-[]overview-[]concepts$[][] 
 []


LaTeX Font Warning: Font shape `JY2/hgt/b/n' undefined
(Font)              using `JY2/hgt/bx/n' instead on input line 12.

[47

]

LaTeX Font Warning: Font shape `JY2/hgt/b/n' undefined
(Font)              using `JY2/hgt/bx/n' instead on input line 19.

[48

]

LaTeX Font Warning: Font shape `JY2/hgt/b/n' undefined
(Font)              using `JY2/hgt/bx/n' instead on input line 26.

[49

]

LaTeX Font Warning: Font shape `JY2/hgt/b/n' undefined
(Font)              using `JY2/hgt/bx/n' instead on input line 33.

) [50

]

LaTeX Font Warning: Font shape `JY2/hgt/b/n' undefined
(Font)              using `JY2/hgt/bx/n' instead on input line 385.

LaTeX Font Info:    Kanji font shape `JY2/hmc/m/sl' undefined
(Font)              No change on input line 385.
File: ./images/cover_b5_back.pdf Graphic file (type pdf)
<./images/cover_b5_back.pdf>
File: ./images/cover_b5_back.pdf Graphic file (type pdf)
<./images/cover_b5_back.pdf>
[51

]
File: ./images/cover_b5_back.pdf Graphic file (type pdf)
<./images/cover_b5_back.pdf>
File: ./images/cover_b5_back.pdf Graphic file (type pdf)
<./images/cover_b5_back.pdf>
File: ./images/cover_b5_back.pdf Graphic file (type pdf)
<./images/cover_b5_back.pdf>
[52]
Package minitoc Info: I0009
(minitoc)             Listing minitoc auxiliary files. 
(minitoc)             Creating the book.maf file.
\openout3 = `book.maf'.

(./book.aux)
Package rerunfilecheck Info: File `book.out' has not changed.
(rerunfilecheck)             Checksum: 6394FD336DE871349FC35C599C419668;4749.
 )
(\end occurred when \ifx on line 777 was incomplete)
(\end occurred when \iffalse on line 777 was incomplete)
(\end occurred when \ifx on line 735 was incomplete)
(\end occurred when \iffalse on line 735 was incomplete)
(\end occurred when \ifx on line 699 was incomplete)
(\end occurred when \iffalse on line 699 was incomplete)
(\end occurred when \ifx on line 696 was incomplete)
(\end occurred when \iffalse on line 696 was incomplete)
(\end occurred when \ifx on line 667 was incomplete)
(\end occurred when \iffalse on line 667 was incomplete)
(\end occurred when \ifx on line 589 was incomplete)
(\end occurred when \iffalse on line 589 was incomplete)
(\end occurred when \ifx on line 552 was incomplete)
(\end occurred when \iffalse on line 552 was incomplete)
(\end occurred when \ifx on line 511 was incomplete)
(\end occurred when \iffalse on line 511 was incomplete)
(\end occurred when \ifx on line 503 was incomplete)
(\end occurred when \iffalse on line 503 was incomplete)
(\end occurred when \ifx on line 496 was incomplete)
(\end occurred when \iffalse on line 496 was incomplete)
(\end occurred when \ifx on line 479 was incomplete)
(\end occurred when \iffalse on line 479 was incomplete)
(\end occurred when \ifx on line 463 was incomplete)
(\end occurred when \iffalse on line 463 was incomplete)
(\end occurred when \ifx on line 458 was incomplete)
(\end occurred when \iffalse on line 458 was incomplete)
(\end occurred when \ifx on line 423 was incomplete)
(\end occurred when \iffalse on line 423 was incomplete)
(\end occurred when \ifx on line 410 was incomplete)
(\end occurred when \iffalse on line 410 was incomplete)
(\end occurred when \ifx on line 396 was incomplete)
(\end occurred when \iffalse on line 396 was incomplete)
(\end occurred when \ifx on line 382 was incomplete)
(\end occurred when \iffalse on line 382 was incomplete)
(\end occurred when \ifx on line 374 was incomplete)
(\end occurred when \iffalse on line 374 was incomplete)
(\end occurred when \ifx on line 369 was incomplete)
(\end occurred when \iffalse on line 369 was incomplete)
(\end occurred when \ifx on line 339 was incomplete)
(\end occurred when \iffalse on line 339 was incomplete)
(\end occurred when \ifx on line 329 was incomplete)
(\end occurred when \iffalse on line 329 was incomplete)
(\end occurred when \ifx on line 317 was incomplete)
(\end occurred when \iffalse on line 317 was incomplete)
(\end occurred when \ifx on line 309 was incomplete)
(\end occurred when \iffalse on line 309 was incomplete)
(\end occurred when \ifx on line 304 was incomplete)
(\end occurred when \iffalse on line 304 was incomplete)
(\end occurred when \ifx on line 180 was incomplete)
(\end occurred when \iffalse on line 180 was incomplete)
(\end occurred when \ifx on line 150 was incomplete)
(\end occurred when \iffalse on line 150 was incomplete)
(\end occurred when \ifx on line 120 was incomplete)
(\end occurred when \iffalse on line 120 was incomplete)
(\end occurred when \ifx on line 114 was incomplete)
(\end occurred when \iffalse on line 114 was incomplete)
(\end occurred when \ifx on line 96 was incomplete)
(\end occurred when \iffalse on line 96 was incomplete)
(\end occurred when \ifx on line 42 was incomplete)
(\end occurred when \iffalse on line 42 was incomplete)
(\end occurred when \ifx on line 37 was incomplete)
(\end occurred when \iffalse on line 37 was incomplete)
(\end occurred when \ifx on line 448 was incomplete)
(\end occurred when \iffalse on line 448 was incomplete)
(\end occurred when \ifx on line 435 was incomplete)
(\end occurred when \iffalse on line 435 was incomplete)
(\end occurred when \ifx on line 428 was incomplete)
(\end occurred when \iffalse on line 428 was incomplete)
(\end occurred when \ifx on line 375 was incomplete)
(\end occurred when \iffalse on line 375 was incomplete)
(\end occurred when \ifx on line 363 was incomplete)
(\end occurred when \iffalse on line 363 was incomplete)
(\end occurred when \ifx on line 344 was incomplete)
(\end occurred when \iffalse on line 344 was incomplete)
(\end occurred when \ifx on line 328 was incomplete)
(\end occurred when \iffalse on line 328 was incomplete)
(\end occurred when \ifx on line 320 was incomplete)
(\end occurred when \iffalse on line 320 was incomplete)
(\end occurred when \ifx on line 287 was incomplete)
(\end occurred when \iffalse on line 287 was incomplete)
(\end occurred when \ifx on line 266 was incomplete)
(\end occurred when \iffalse on line 266 was incomplete)
(\end occurred when \ifx on line 240 was incomplete)
(\end occurred when \iffalse on line 240 was incomplete)
(\end occurred when \ifx on line 221 was incomplete)
(\end occurred when \iffalse on line 221 was incomplete)
(\end occurred when \ifx on line 200 was incomplete)
(\end occurred when \iffalse on line 200 was incomplete)
(\end occurred when \ifx on line 195 was incomplete)
(\end occurred when \iffalse on line 195 was incomplete)
(\end occurred when \ifx on line 77 was incomplete)
(\end occurred when \iffalse on line 77 was incomplete)
(\end occurred when \ifx on line 58 was incomplete)
(\end occurred when \iffalse on line 58 was incomplete)
(\end occurred when \iffalse on line 156 was incomplete)
(\end occurred when \ifx on line 53 was incomplete)
(\end occurred when \iffalse on line 112 was incomplete)
(\end occurred when \ifx on line 49 was incomplete)
(\end occurred when \iffalse on line 9 was incomplete)
(\end occurred when \ifx on line 46 was incomplete)
(\end occurred when \ifx on line 277 was incomplete) 
Here is how much of TeX's memory you used:
 18876 strings out of 479460
 282771 string characters out of 5870465
 898259 words of memory out of 5000000
 35953 multiletter control sequences out of 15000+600000
 486171 words of font info for 169 fonts, out of 8000000 for 9000
 934 hyphenation exceptions out of 8191
 84i,14n,90p,422b,1055s stack positions out of 5000i,500n,10000p,200000b,80000s

Output written on book.dvi (58 pages, 144860 bytes).
